This is XeTeX, Version 3.1415926-2.4-0.9998 (MiKTeX 2.9) (preloaded format=xelatex 2012.9.1)  4 SEP 2012 16:38
entering extended mode
**ieeecls.tex
(C:\Users\chenhx\Desktop\ieee\ieeecls.tex
LaTeX2e <2011/06/27>
Babel <v3.8m> and hyphenation patterns for english, afrikaans, ancientgreek, ar
abic, armenian, assamese, basque, bengali, bokmal, bulgarian, catalan, coptic, 
croatian, czech, danish, dutch, esperanto, estonian, farsi, finnish, french, ga
lician, german, german-x-2012-05-30, greek, gujarati, hindi, hungarian, iceland
ic, indonesian, interlingua, irish, italian, kannada, kurmanji, latin, latvian,
 lithuanian, malayalam, marathi, mongolian, mongolianlmc, monogreek, ngerman, n
german-x-2012-05-30, nynorsk, oriya, panjabi, pinyin, polish, portuguese, roman
ian, russian, sanskrit, serbian, slovak, slovenian, spanish, swedish, swissgerm
an, tamil, telugu, turkish, turkmen, ukenglish, ukrainian, uppersorbian, usengl
ishmax, welsh, loaded.
(C:\Users\chenhx\Desktop\ieee\ieee.cls
Document Class `ieee' <Modified: 2000, Gregory L. Plett>.
Document Class: ieee 2000/01/11
\narrowcol=\skip41
\parindentsave=\skip42
ieee: `Final' mode selected.
ieee: `Reprint' sub-mode selected.
ieee: Narrow equation arrays selected.
ieee: Narrower inline equations selected.
ieee: No separate title page.
ieee: (Invited Paper).
(C:\MikTeX\tex\latex\base\article.cls
Document Class: article 2007/10/19 v1.4h Standard LaTeX document class
(C:\MikTeX\tex\latex\base\size10.clo
File: size10.clo 2007/10/19 v1.4h Standard LaTeX file (size option)
)
\c@part=\count80
\c@section=\count81
\c@subsection=\count82
\c@subsubsection=\count83
\c@paragraph=\count84
\c@subparagraph=\count85
\c@figure=\count86
\c@table=\count87
\abovecaptionskip=\skip43
\belowcaptionskip=\skip44
\bibindent=\dimen102
)
(C:\MikTeX\tex\latex\graphics\graphicx.sty
Package: graphicx 1999/02/16 v1.0f Enhanced LaTeX Graphics (DPC,SPQR)

(C:\MikTeX\tex\latex\graphics\keyval.sty
Package: keyval 1999/03/16 v1.13 key=value parser (DPC)
\KV@toks@=\toks14
)
(C:\MikTeX\tex\latex\graphics\graphics.sty
Package: graphics 2009/02/05 v1.0o Standard LaTeX Graphics (DPC,SPQR)

(C:\MikTeX\tex\latex\graphics\trig.sty
Package: trig 1999/03/16 v1.09 sin cos tan (DPC)
)
(C:\MikTeX\tex\latex\00miktex\graphics.cfg
File: graphics.cfg 2007/01/18 v1.5 graphics configuration of teTeX/TeXLive
)
Package graphics Info: Driver file: xetex.def on input line 91.

(C:\MikTeX\tex\xelatex\xetex-def\xetex.def
File: xetex.def 2009/11/22 v0.94 LaTeX color/graphics driver for XeTeX (RRM/JK)

))
\Gin@req@height=\dimen103
\Gin@req@width=\dimen104
)
(C:\MikTeX\tex\latex\base\ifthen.sty
Package: ifthen 2001/05/26 v1.1c Standard LaTeX ifthen package (DPC)
)
-- This is a 10 point document
\tmpitemindent=\dimen105
\captionindent=\skip45
\timehh=\count88
\timemm=\count89
\c@numappendices=\count90
\br=\count91
\nb=\count92
\tcdsav=\count93
\tcl=\count94
\tcd=\count95
\tcn=\count96
\cumtcl=\count97
\rtside=\dimen106
\hpic=\dimen107
\vpic=\dimen108
\strutilg=\dimen109
\picwd=\dimen110
\topheight=\dimen111
\ilg=\dimen112
\lpic=\dimen113
\lwindowsep=\dimen114
\rwindowsep=\dimen115
\cumpar=\dimen116
\twa=\toks15
\la=\toks16
\ra=\toks17
\ha=\toks18
\pictoc=\toks19
\rawtext=\box26
\holder=\box27
\windowbox=\box28
\wartext=\box29
\finaltext=\box30
\aslice=\box31
\bslice=\box32
\wbox=\box33
\wstrutbox=\box34
\picbox=\box35
\waslice=\box36
\wbslice=\box37
\fslice=\box38
) (C:\Users\chenhx\Desktop\ieee\ieeecls.aux)
LaTeX Font Info:    Checking defaults for OML/cmm/m/it on input line 58.
LaTeX Font Info:    ... okay on input line 58.
LaTeX Font Info:    Checking defaults for T1/cmr/m/n on input line 58.
LaTeX Font Info:    ... okay on input line 58.
LaTeX Font Info:    Checking defaults for OT1/cmr/m/n on input line 58.
LaTeX Font Info:    ... okay on input line 58.
LaTeX Font Info:    Checking defaults for OMS/cmsy/m/n on input line 58.
LaTeX Font Info:    ... okay on input line 58.
LaTeX Font Info:    Checking defaults for OMX/cmex/m/n on input line 58.
LaTeX Font Info:    ... okay on input line 58.
LaTeX Font Info:    Checking defaults for U/cmr/m/n on input line 58.
LaTeX Font Info:    ... okay on input line 58.
LaTeX Font Info:    External font `cmex10' loaded for size
(Font)              <7> on input line 105.
LaTeX Font Info:    External font `cmex10' loaded for size
(Font)              <5> on input line 105.
LaTeX Font Info:    External font `cmex10' loaded for size
(Font)              <12> on input line 105.
LaTeX Font Info:    External font `cmex10' loaded for size
(Font)              <8> on input line 105.
LaTeX Font Info:    External font `cmex10' loaded for size
(Font)              <6> on input line 105.
LaTeX Font Info:    External font `cmex10' loaded for size
(Font)              <14.4> on input line 115.
LaTeX Font Info:    Try loading font information for OMS+cmr on input line 127.


(C:\MikTeX\tex\latex\base\omscmr.fd
File: omscmr.fd 1999/05/25 v2.5h Standard LaTeX font definitions
)
LaTeX Font Info:    Font shape `OMS/cmr/m/n' in size <8> not available
(Font)              Font shape `OMS/cmsy/m/n' tried instead on input line 127.
 [1217



]
\tmpht=\dimen117
 [1218

] [1219] [1220] [1221]
[1222]
\tmpht=\dimen118
\tmpht=\dimen119
 [1223] [1224] [1225] [1226] (C:\Users\chenhx\Desktop\ieee\ieeecls.aux) ) 
Here is how much of TeX's memory you used:
 887 strings out of 429035
 9364 string characters out of 3170081
 66539 words of memory out of 3000000
 4174 multiletter control sequences out of 15000+200000
 13141 words of font info for 47 fonts, out of 3000000 for 9000
 912 hyphenation exceptions out of 8191
 32i,12n,23p,208b,427s stack positions out of 5000i,500n,10000p,200000b,50000s

Output written on ieeecls.pdf (10 pages).
